mode: set
github.com/y-kouhei9/bookings/cmd/web/routes.go:11.49,39.2 18 1
github.com/y-kouhei9/bookings/cmd/web/main.go:23.13,25.16 2 0
github.com/y-kouhei9/bookings/cmd/web/main.go:29.2,37.16 4 0
github.com/y-kouhei9/bookings/cmd/web/main.go:25.16,27.3 1 0
github.com/y-kouhei9/bookings/cmd/web/main.go:40.18,56.16 10 1
github.com/y-kouhei9/bookings/cmd/web/main.go:61.2,68.12 6 1
github.com/y-kouhei9/bookings/cmd/web/main.go:56.16,59.3 2 0
github.com/y-kouhei9/bookings/cmd/web/middleware.go:10.53,11.71 1 0
github.com/y-kouhei9/bookings/cmd/web/middleware.go:11.71,14.3 2 0
github.com/y-kouhei9/bookings/cmd/web/middleware.go:18.45,28.2 3 1
github.com/y-kouhei9/bookings/cmd/web/middleware.go:31.50,33.2 1 1
