mode: set
github.com/y-kouhei9/bookings/internal/render/render.go:22.40,24.2 1 1
github.com/y-kouhei9/bookings/internal/render/render.go:27.84,33.2 5 1
github.com/y-kouhei9/bookings/internal/render/render.go:36.105,40.18 2 1
github.com/y-kouhei9/bookings/internal/render/render.go:47.2,48.16 2 1
github.com/y-kouhei9/bookings/internal/render/render.go:52.2,53.9 2 1
github.com/y-kouhei9/bookings/internal/render/render.go:57.2,64.16 5 1
github.com/y-kouhei9/bookings/internal/render/render.go:69.2,69.12 1 1
github.com/y-kouhei9/bookings/internal/render/render.go:40.18,43.3 1 0
github.com/y-kouhei9/bookings/internal/render/render.go:43.8,45.3 1 1
github.com/y-kouhei9/bookings/internal/render/render.go:48.16,50.3 1 0
github.com/y-kouhei9/bookings/internal/render/render.go:53.9,55.3 1 0
github.com/y-kouhei9/bookings/internal/render/render.go:64.16,67.3 2 0
github.com/y-kouhei9/bookings/internal/render/render.go:73.67,78.16 3 1
github.com/y-kouhei9/bookings/internal/render/render.go:82.2,82.29 1 1
github.com/y-kouhei9/bookings/internal/render/render.go:104.2,104.21 1 1
github.com/y-kouhei9/bookings/internal/render/render.go:78.16,80.3 1 0
github.com/y-kouhei9/bookings/internal/render/render.go:82.29,87.17 3 1
github.com/y-kouhei9/bookings/internal/render/render.go:91.3,93.23 2 1
github.com/y-kouhei9/bookings/internal/render/render.go:100.3,100.21 1 1
github.com/y-kouhei9/bookings/internal/render/render.go:87.17,89.4 1 0
github.com/y-kouhei9/bookings/internal/render/render.go:93.23,95.18 2 1
github.com/y-kouhei9/bookings/internal/render/render.go:95.18,97.5 1 0
