mode: set
github.com/y-kouhei9/bookings/internal/forms/errors.go:6.44,8.2 1 1
github.com/y-kouhei9/bookings/internal/forms/errors.go:11.42,13.18 2 1
github.com/y-kouhei9/bookings/internal/forms/errors.go:17.2,17.14 1 1
github.com/y-kouhei9/bookings/internal/forms/errors.go:13.18,15.3 1 1
github.com/y-kouhei9/bookings/internal/forms/forms.go:18.29,20.2 1 1
github.com/y-kouhei9/bookings/internal/forms/forms.go:23.33,28.2 1 1
github.com/y-kouhei9/bookings/internal/forms/forms.go:31.43,32.31 1 1
github.com/y-kouhei9/bookings/internal/forms/forms.go:32.31,34.37 2 1
github.com/y-kouhei9/bookings/internal/forms/forms.go:34.37,36.4 1 1
github.com/y-kouhei9/bookings/internal/forms/forms.go:41.39,43.13 2 1
github.com/y-kouhei9/bookings/internal/forms/forms.go:47.2,47.13 1 1
github.com/y-kouhei9/bookings/internal/forms/forms.go:43.13,46.3 2 1
github.com/y-kouhei9/bookings/internal/forms/forms.go:51.57,53.21 2 1
github.com/y-kouhei9/bookings/internal/forms/forms.go:57.2,57.13 1 1
github.com/y-kouhei9/bookings/internal/forms/forms.go:53.21,56.3 2 1
github.com/y-kouhei9/bookings/internal/forms/forms.go:61.38,62.40 1 1
github.com/y-kouhei9/bookings/internal/forms/forms.go:62.40,64.3 1 1
